03:22:24.432 [main] TRACE - Resolving type for handle ctcola95ftype
03:22:24.500 [main] TRACE - Resolving type for handle cthyperlinks6416type
03:22:24.503 [main] TRACE - Resolving type for handle cthyperlink0c85type
03:22:24.512 [main] TRACE - Resolving type for handle stcelltypebf95type
03:22:35.383 [main] INFO  - Goto my account-->Click on Login.. 
03:22:35.828 [main] DEBUG - Parsing relationship: /xl/_rels/workbook.xml.rels
03:22:35.830 [main] DEBUG - Parsing relationship: /xl/worksheets/_rels/sheet1.xml.rels
03:22:35.832 [main] DEBUG - Parsing relationship: /_rels/.rels
03:22:46.334 [main] INFO  - Goto my account-->Click on Login.. 
03:22:46.818 [main] DEBUG - Parsing relationship: /xl/_rels/workbook.xml.rels
03:22:46.819 [main] DEBUG - Parsing relationship: /xl/worksheets/_rels/sheet1.xml.rels
03:22:46.821 [main] DEBUG - Parsing relationship: /_rels/.rels
03:22:58.480 [main] INFO  - Goto my account-->Click on Login.. 
03:22:58.955 [main] DEBUG - Parsing relationship: /xl/_rels/workbook.xml.rels
03:22:58.957 [main] DEBUG - Parsing relationship: /xl/worksheets/_rels/sheet1.xml.rels
03:22:58.958 [main] DEBUG - Parsing relationship: /_rels/.rels
03:23:38.223 [main] INFO  - Goto my account-->Click on Login.. 
03:23:38.722 [main] DEBUG - Parsing relationship: /xl/_rels/workbook.xml.rels
03:23:38.723 [main] DEBUG - Parsing relationship: /xl/worksheets/_rels/sheet1.xml.rels
03:23:38.725 [main] DEBUG - Parsing relationship: /_rels/.rels
03:33:41.355 [main] INFO  - Goto my account-->Click on Login.. 
03:33:41.901 [main] INFO  - Entering email and password.. 
03:33:42.929 [main] INFO  - clicked on login button...
03:33:53.602 [main] INFO  - Goto my account-->Click on Login.. 
03:33:54.007 [main] INFO  - Entering email and password.. 
03:33:55.279 [main] INFO  - clicked on login button...
03:35:03.520 [main] INFO  - Goto my account-->Click on Login.. 
03:35:03.951 [main] INFO  - Entering email and password.. 
03:35:04.694 [main] INFO  - clicked on login button...
03:35:44.340 [main] INFO  - Goto my account-->Click on Login.. 
03:35:44.758 [main] INFO  - Entering email and password.. 
03:35:45.644 [main] INFO  - clicked on login button...
03:38:24.134 [main] INFO  - Goto my account-->Click on Login.. 
03:38:24.702 [main] INFO  - Entering email and password.. 
03:38:25.612 [main] INFO  - clicked on login button...
03:41:36.641 [main] INFO  - Goto my account-->Click on Login.. 
03:41:37.062 [main] INFO  - Entering email and password.. 
03:41:37.916 [main] INFO  - clicked on login button...
03:44:56.365 [main] INFO  - Goto my account-->Click on Login.. 
03:44:58.105 [main] INFO  - Entering email and password.. 
03:44:59.402 [main] INFO  - clicked on login button...
03:45:46.946 [main] INFO  - Goto my account-->Click on Login.. 
03:45:47.524 [main] INFO  - Entering email and password.. 
03:45:48.700 [main] INFO  - clicked on login button...
03:51:26.083 [main] INFO  - Goto my account-->Click on Login.. 
03:51:26.601 [main] INFO  - Entering email and password.. 
03:51:27.600 [main] INFO  - clicked on login button...
03:53:36.710 [main] INFO  - Goto my account-->Click on Login.. 
03:53:37.239 [main] INFO  - Entering email and password.. 
03:53:38.359 [main] INFO  - clicked on login button...
04:00:29.916 [main] INFO  - Goto my account-->Click on Login.. 
04:00:31.679 [main] INFO  - Entering email and password.. 
04:00:34.070 [main] INFO  - clicked on login button...
04:01:53.991 [main] INFO  - Goto my account-->Click on Login.. 
04:01:54.963 [main] INFO  - Entering email and password.. 
04:01:57.785 [main] INFO  - clicked on login button...
