14:07:34.191 [main] INFO  - Goto my account-->Click on Login.. 
14:07:34.883 [main] INFO  - Entering email and password.. 
14:07:35.559 [main] INFO  - clicked on login button...
15:21:51.876 [main] INFO  - Goto my account-->Click on Login.. 
15:21:53.135 [main] INFO  - Entering email and password.. 
15:21:54.620 [main] INFO  - clicked on login button...
15:32:55.009 [main] INFO  - Goto my account-->Click on Login.. 
15:32:55.760 [main] INFO  - Entering email and password.. 
15:32:56.517 [main] INFO  - clicked on login button...
15:44:58.490 [main] INFO  - Goto my account-->Click on Login.. 
15:44:59.375 [main] INFO  - Entering email and password.. 
15:45:00.720 [main] INFO  - clicked on login button...
11:24:02.941 [pool-3-thread-1] INFO  - Goto my account-->Click on Login.. 
11:24:03.761 [pool-3-thread-1] INFO  - Entering email and password.. 
11:24:06.101 [pool-3-thread-1] INFO  - clicked on login button...
11:25:07.956 [main] INFO  - Goto my account-->Click on Login.. 
11:25:08.604 [main] INFO  - Entering email and password.. 
11:25:09.732 [main] INFO  - clicked on login button...
11:27:34.728 [main] INFO  - Goto my account-->Click on Login.. 
11:27:35.361 [main] INFO  - Entering email and password.. 
11:27:36.283 [main] INFO  - clicked on login button...
11:28:39.062 [pool-3-thread-1] INFO  - Goto my account-->Click on Login.. 
11:28:39.709 [pool-3-thread-1] INFO  - Entering email and password.. 
11:28:41.527 [pool-3-thread-1] INFO  - clicked on login button...
11:30:58.762 [main] INFO  - Goto my account-->Click on Login.. 
11:30:59.506 [main] INFO  - Entering email and password.. 
11:31:00.817 [main] INFO  - clicked on login button...
11:32:42.541 [main] INFO  - Goto my account-->Click on Login.. 
11:32:46.118 [main] INFO  - Entering email and password.. 
11:32:47.244 [main] INFO  - clicked on login button...
11:34:08.134 [main] INFO  - Goto my account-->Click on Login.. 
11:34:08.801 [main] INFO  - Entering email and password.. 
11:34:10.471 [main] INFO  - clicked on login button...
11:45:34.561 [main] INFO  - Goto my account-->Click on Login.. 
11:45:35.241 [main] INFO  - Entering email and password.. 
11:45:36.544 [main] INFO  - clicked on login button...
11:48:32.063 [main] INFO  - Goto my account-->Click on Login.. 
11:48:32.749 [main] INFO  - Entering email and password.. 
11:48:34.206 [main] INFO  - clicked on login button...
12:19:09.362 [main] INFO  - Goto my account-->Click on Login.. 
12:19:10.371 [main] INFO  - Entering email and password.. 
12:19:11.738 [main] INFO  - clicked on login button...
12:24:14.670 [main] INFO  - Goto my account-->Click on Login.. 
12:24:15.551 [main] INFO  - Entering email and password.. 
12:24:16.857 [main] INFO  - clicked on login button...
12:25:59.705 [main] INFO  - Goto my account-->Click on Login.. 
12:26:00.443 [main] INFO  - Entering email and password.. 
12:26:01.724 [main] INFO  - clicked on login button...
12:40:21.946 [main] INFO  - Goto my account-->Click on Login.. 
12:40:22.616 [main] INFO  - Entering email and password.. 
12:40:24.212 [main] INFO  - clicked on login button...
12:48:13.135 [main] INFO  - Goto my account-->Click on Login.. 
12:48:14.187 [main] INFO  - Entering email and password.. 
12:48:15.338 [main] INFO  - clicked on login button...
07:20:02.541 [main] INFO  - Goto my account-->Click on Login.. 
07:20:03.687 [main] INFO  - Entering email and password.. 
07:20:04.885 [main] INFO  - clicked on login button...
07:26:07.255 [main] INFO  - Goto my account-->Click on Login.. 
07:26:08.073 [main] INFO  - Entering email and password.. 
07:26:08.937 [main] INFO  - clicked on login button...
07:27:45.855 [main] INFO  - Goto my account-->Click on Login.. 
07:27:46.685 [main] INFO  - Entering email and password.. 
07:27:47.506 [main] INFO  - clicked on login button...
07:42:18.774 [main] INFO  - Goto my account-->Click on Login.. 
07:42:19.621 [main] INFO  - Entering email and password.. 
07:42:20.495 [main] INFO  - clicked on login button...
07:44:30.850 [main] INFO  - Goto my account-->Click on Login.. 
07:44:31.695 [main] INFO  - Entering email and password.. 
07:44:32.578 [main] INFO  - clicked on login button...
07:46:04.249 [main] INFO  - Goto my account-->Click on Login.. 
07:46:05.043 [main] INFO  - Entering email and password.. 
07:46:05.916 [main] INFO  - clicked on login button...
07:52:55.919 [main] INFO  - Goto my account-->Click on Login.. 
07:52:56.718 [main] INFO  - Entering email and password.. 
07:52:57.593 [main] INFO  - clicked on login button...
15:56:59.033 [main] INFO  - Goto my account-->Click on Login.. 
15:57:00.161 [main] INFO  - Entering email and password.. 
15:57:02.570 [main] INFO  - clicked on login button...
16:05:42.033 [main] INFO  - Goto my account-->Click on Login.. 
16:05:42.950 [main] INFO  - Entering email and password.. 
16:05:44.775 [main] INFO  - clicked on login button...
16:29:08.260 [main] INFO  - Goto my account-->Click on Login.. 
16:29:09.391 [main] INFO  - Entering email and password.. 
16:29:11.060 [main] INFO  - clicked on login button...
16:30:06.885 [main] INFO  - Goto my account-->Click on Login.. 
16:30:07.804 [main] INFO  - Entering email and password.. 
16:30:09.143 [main] INFO  - clicked on login button...
16:30:23.218 [main] INFO  - Goto my account-->Click on Login.. 
16:30:24.001 [main] INFO  - Entering email and password.. 
16:30:25.047 [main] INFO  - clicked on login button...
16:30:49.960 [main] INFO  - Goto my account-->Click on Login.. 
16:30:50.629 [main] INFO  - Entering email and password.. 
16:30:52.071 [main] INFO  - clicked on login button...
16:45:13.050 [main] INFO  - Goto my account-->Click on Login.. 
16:45:13.963 [main] INFO  - Entering email and password.. 
16:45:16.020 [main] INFO  - clicked on login button...
20:12:45.290 [main] INFO  - Goto my account-->Click on Login.. 
20:12:46.321 [main] INFO  - Entering email and password.. 
20:12:47.932 [main] INFO  - clicked on login button...
20:13:34.770 [main] INFO  - Goto my account-->Click on Login.. 
20:13:36.023 [main] INFO  - Entering email and password.. 
20:13:39.272 [main] INFO  - clicked on login button...
02:57:03.345 [main] INFO  - Goto my account-->Click on Login.. 
02:57:04.893 [main] DEBUG - Parsing relationship: /xl/_rels/workbook.xml.rels
02:57:04.897 [main] DEBUG - Parsing relationship: /xl/worksheets/_rels/sheet1.xml.rels
02:57:04.900 [main] DEBUG - Parsing relationship: /_rels/.rels
02:57:05.565 [main] TRACE - Loading type system org.apache.poi.schemas.ooxml.system.ooxml
02:57:05.593 [main] TRACE - Loading type system org.apache.xmlbeans.metadata.system.sXMLCONFIG
02:57:05.594 [main] TRACE - Loading type system org.apache.xmlbeans.metadata.system.sXMLLANG
02:57:05.595 [main] TRACE - Loading type system org.apache.xmlbeans.metadata.system.sXMLSCHEMA
02:57:05.596 [main] TRACE - Loading type system org.apache.xmlbeans.metadata.system.sXMLTOOLS
02:57:05.598 [main] TRACE - Reading unresolved handles for type system org.apache.xmlbeans.metadata.system.sXMLTOOLS
02:57:05.639 [main] TRACE - Finished loading type system org.apache.xmlbeans.metadata.system.sXMLTOOLS
02:57:05.641 [main] TRACE - Reading unresolved handles for type system org.apache.xmlbeans.metadata.system.sXMLSCHEMA
02:57:05.653 [main] TRACE - Finished loading type system org.apache.xmlbeans.metadata.system.sXMLSCHEMA
02:57:05.654 [main] TRACE - Reading unresolved handles for type system org.apache.xmlbeans.metadata.system.sXMLLANG
02:57:05.672 [main] TRACE - Finished loading type system org.apache.xmlbeans.metadata.system.sXMLLANG
02:57:05.674 [main] TRACE - Reading unresolved handles for type system org.apache.xmlbeans.metadata.system.sXMLCONFIG
02:57:05.676 [main] TRACE - Finished loading type system org.apache.xmlbeans.metadata.system.sXMLCONFIG
02:57:05.677 [main] TRACE - Reading unresolved handles for type system org.apache.poi.schemas.ooxml.system.ooxml
02:57:05.768 [main] TRACE - Finished loading type system org.apache.poi.schemas.ooxml.system.ooxml
02:57:05.789 [main] TRACE - Resolving type for handle themefd26doctype
02:57:05.944 [main] TRACE - Resolving type for handle stylesheet5d8bdoctype
02:57:05.989 [main] TRACE - Resolving type for handle ctstylesheet4257type
02:57:06.018 [main] TRACE - Resolving type for handle ctnumfmtsb58btype
02:57:06.089 [main] TRACE - Resolving type for handle ctnumfmt3870type
02:57:06.142 [main] TRACE - Resolving type for handle stnumfmtid76fbtype
02:57:06.155 [main] TRACE - Resolving type for handle stxstringf179type
02:57:06.203 [main] TRACE - Resolving type for handle ctfonts6623type
02:57:06.240 [main] TRACE - Resolving type for handle ctfont14d8type
02:57:06.250 [main] TRACE - Resolving type for handle ctfills2c6ftype
02:57:06.309 [main] TRACE - Resolving type for handle ctfill550ctype
02:57:06.313 [main] TRACE - Resolving type for handle ctborders0d66type
02:57:06.318 [main] TRACE - Resolving type for handle ctborderf935type
02:57:06.323 [main] TRACE - Resolving type for handle ctcellxfs1322type
02:57:06.335 [main] TRACE - Resolving type for handle ctxf97f7type
02:57:06.367 [main] TRACE - Resolving type for handle ctcellstylexfsa81ftype
02:57:06.371 [main] TRACE - Resolving type for handle ctdxfsb26atype
02:57:06.376 [main] TRACE - Resolving type for handle ctdxfa3b1type
02:57:06.379 [main] TRACE - Resolving type for handle cttablestyles872ftype
02:57:06.427 [main] TRACE - Resolving type for handle cttablestylea24ctype
02:57:07.471 [main] TRACE - Resolving type for handle cttablestyleelementa658type
02:57:07.593 [main] TRACE - Resolving type for handle sttablestyletype9936type
02:57:07.598 [main] TRACE - Resolving type for handle stdxfid9fdctype
02:57:07.609 [main] TRACE - Resolving type for handle sstf81fdoctype
02:57:07.617 [main] TRACE - Resolving type for handle ctsst44f3type
02:57:07.752 [main] TRACE - Resolving type for handle ctrsta472type
02:57:07.808 [main] TRACE - Resolving type for handle workbookec17doctype
02:57:07.817 [main] TRACE - Resolving type for handle ctworkbook83c3type
02:57:07.850 [main] TRACE - Resolving type for handle ctsheets49fdtype
02:57:07.887 [main] TRACE - Resolving type for handle ctsheet4dbetype
02:57:08.086 [main] TRACE - Resolving type for handle strelationshipid1e94type
02:57:08.090 [main] TRACE - Resolving type for handle worksheetf539doctype
02:57:08.118 [main] TRACE - Resolving type for handle ctworksheet530dtype
02:57:08.127 [main] TRACE - Resolving type for handle ctsheetdata8408type
02:57:08.131 [main] TRACE - Resolving type for handle ctrowdd39type
02:57:08.171 [main] TRACE - Resolving type for handle ctcell842btype
02:57:08.328 [main] TRACE - Resolving type for handle stcellrefe4e0type
02:57:08.340 [main] TRACE - Resolving type for handle ctcols627ctype
02:57:08.357 [main] TRACE - Resolving type for handle ctcola95ftype
02:57:08.541 [main] TRACE - Resolving type for handle cthyperlinks6416type
02:57:08.560 [main] TRACE - Resolving type for handle cthyperlink0c85type
02:57:08.609 [main] TRACE - Resolving type for handle stcelltypebf95type
02:57:26.312 [main] INFO  - Goto my account-->Click on Login.. 
02:57:26.938 [main] DEBUG - Parsing relationship: /xl/_rels/workbook.xml.rels
02:57:26.940 [main] DEBUG - Parsing relationship: /xl/worksheets/_rels/sheet1.xml.rels
02:57:26.942 [main] DEBUG - Parsing relationship: /_rels/.rels
02:58:15.645 [main] INFO  - Goto my account-->Click on Login.. 
02:58:16.409 [main] DEBUG - Parsing relationship: /xl/_rels/workbook.xml.rels
02:58:16.414 [main] DEBUG - Parsing relationship: /xl/worksheets/_rels/sheet1.xml.rels
02:58:16.415 [main] DEBUG - Parsing relationship: /_rels/.rels
03:01:49.791 [main] INFO  - Goto my account-->Click on Login.. 
03:01:50.618 [main] DEBUG - Parsing relationship: /xl/_rels/workbook.xml.rels
03:01:50.622 [main] DEBUG - Parsing relationship: /xl/worksheets/_rels/sheet1.xml.rels
03:01:50.626 [main] DEBUG - Parsing relationship: /_rels/.rels
03:01:50.802 [main] TRACE - Loading type system org.apache.poi.schemas.ooxml.system.ooxml
03:01:50.807 [main] TRACE - Loading type system org.apache.xmlbeans.metadata.system.sXMLCONFIG
03:01:50.808 [main] TRACE - Loading type system org.apache.xmlbeans.metadata.system.sXMLLANG
03:01:50.809 [main] TRACE - Loading type system org.apache.xmlbeans.metadata.system.sXMLSCHEMA
03:01:50.809 [main] TRACE - Loading type system org.apache.xmlbeans.metadata.system.sXMLTOOLS
03:01:50.811 [main] TRACE - Reading unresolved handles for type system org.apache.xmlbeans.metadata.system.sXMLTOOLS
03:01:50.823 [main] TRACE - Finished loading type system org.apache.xmlbeans.metadata.system.sXMLTOOLS
03:01:50.824 [main] TRACE - Reading unresolved handles for type system org.apache.xmlbeans.metadata.system.sXMLSCHEMA
03:01:50.837 [main] TRACE - Finished loading type system org.apache.xmlbeans.metadata.system.sXMLSCHEMA
03:01:50.839 [main] TRACE - Reading unresolved handles for type system org.apache.xmlbeans.metadata.system.sXMLLANG
03:01:50.840 [main] TRACE - Finished loading type system org.apache.xmlbeans.metadata.system.sXMLLANG
03:01:50.842 [main] TRACE - Reading unresolved handles for type system org.apache.xmlbeans.metadata.system.sXMLCONFIG
03:01:50.844 [main] TRACE - Finished loading type system org.apache.xmlbeans.metadata.system.sXMLCONFIG
03:01:50.845 [main] TRACE - Reading unresolved handles for type system org.apache.poi.schemas.ooxml.system.ooxml
03:01:50.917 [main] TRACE - Finished loading type system org.apache.poi.schemas.ooxml.system.ooxml
03:01:50.918 [main] TRACE - Resolving type for handle themefd26doctype
03:01:50.987 [main] TRACE - Resolving type for handle stylesheet5d8bdoctype
03:01:51.027 [main] TRACE - Resolving type for handle ctstylesheet4257type
03:01:51.033 [main] TRACE - Resolving type for handle ctnumfmtsb58btype
03:01:51.035 [main] TRACE - Resolving type for handle ctnumfmt3870type
03:01:51.037 [main] TRACE - Resolving type for handle stnumfmtid76fbtype
03:01:51.043 [main] TRACE - Resolving type for handle stxstringf179type
03:01:51.136 [main] TRACE - Resolving type for handle ctfonts6623type
03:01:51.141 [main] TRACE - Resolving type for handle ctfont14d8type
03:01:51.149 [main] TRACE - Resolving type for handle ctfills2c6ftype
03:01:51.152 [main] TRACE - Resolving type for handle ctfill550ctype
03:01:51.155 [main] TRACE - Resolving type for handle ctborders0d66type
03:01:51.158 [main] TRACE - Resolving type for handle ctborderf935type
03:01:51.163 [main] TRACE - Resolving type for handle ctcellxfs1322type
03:01:51.166 [main] TRACE - Resolving type for handle ctxf97f7type
03:01:51.169 [main] TRACE - Resolving type for handle ctcellstylexfsa81ftype
03:01:51.172 [main] TRACE - Resolving type for handle ctdxfsb26atype
03:01:51.175 [main] TRACE - Resolving type for handle ctdxfa3b1type
03:01:51.178 [main] TRACE - Resolving type for handle cttablestyles872ftype
03:01:51.181 [main] TRACE - Resolving type for handle cttablestylea24ctype
03:01:51.272 [main] TRACE - Resolving type for handle cttablestyleelementa658type
03:01:51.274 [main] TRACE - Resolving type for handle sttablestyletype9936type
03:01:51.278 [main] TRACE - Resolving type for handle stdxfid9fdctype
03:01:51.287 [main] TRACE - Resolving type for handle sstf81fdoctype
03:01:51.293 [main] TRACE - Resolving type for handle ctsst44f3type
03:01:51.296 [main] TRACE - Resolving type for handle ctrsta472type
03:01:51.309 [main] TRACE - Resolving type for handle workbookec17doctype
03:01:51.315 [main] TRACE - Resolving type for handle ctworkbook83c3type
03:01:51.320 [main] TRACE - Resolving type for handle ctsheets49fdtype
03:01:51.323 [main] TRACE - Resolving type for handle ctsheet4dbetype
03:01:51.326 [main] TRACE - Resolving type for handle strelationshipid1e94type
03:01:51.327 [main] TRACE - Resolving type for handle worksheetf539doctype
03:01:51.333 [main] TRACE - Resolving type for handle ctworksheet530dtype
03:01:51.339 [main] TRACE - Resolving type for handle ctsheetdata8408type
03:01:51.342 [main] TRACE - Resolving type for handle ctrowdd39type
03:01:51.347 [main] TRACE - Resolving type for handle ctcell842btype
03:01:51.354 [main] TRACE - Resolving type for handle stcellrefe4e0type
03:01:51.361 [main] TRACE - Resolving type for handle ctcols627ctype
03:01:51.365 [main] TRACE - Resolving type for handle ctcola95ftype
03:01:51.385 [main] TRACE - Resolving type for handle cthyperlinks6416type
03:01:51.388 [main] TRACE - Resolving type for handle cthyperlink0c85type
03:01:51.397 [main] TRACE - Resolving type for handle stcelltypebf95type
03:02:04.886 [main] INFO  - Goto my account-->Click on Login.. 
03:02:05.491 [main] DEBUG - Parsing relationship: /xl/_rels/workbook.xml.rels
03:02:05.496 [main] DEBUG - Parsing relationship: /xl/worksheets/_rels/sheet1.xml.rels
03:02:05.499 [main] DEBUG - Parsing relationship: /_rels/.rels
03:03:16.923 [main] INFO  - Goto my account-->Click on Login.. 
03:03:17.524 [main] DEBUG - Parsing relationship: /xl/_rels/workbook.xml.rels
03:03:17.528 [main] DEBUG - Parsing relationship: /xl/worksheets/_rels/sheet1.xml.rels
03:03:17.532 [main] DEBUG - Parsing relationship: /_rels/.rels
03:03:17.726 [main] TRACE - Loading type system org.apache.poi.schemas.ooxml.system.ooxml
03:03:17.730 [main] TRACE - Loading type system org.apache.xmlbeans.metadata.system.sXMLCONFIG
03:03:17.731 [main] TRACE - Loading type system org.apache.xmlbeans.metadata.system.sXMLLANG
03:03:17.732 [main] TRACE - Loading type system org.apache.xmlbeans.metadata.system.sXMLSCHEMA
03:03:17.733 [main] TRACE - Loading type system org.apache.xmlbeans.metadata.system.sXMLTOOLS
03:03:17.735 [main] TRACE - Reading unresolved handles for type system org.apache.xmlbeans.metadata.system.sXMLTOOLS
03:03:17.752 [main] TRACE - Finished loading type system org.apache.xmlbeans.metadata.system.sXMLTOOLS
03:03:17.754 [main] TRACE - Reading unresolved handles for type system org.apache.xmlbeans.metadata.system.sXMLSCHEMA
03:03:17.768 [main] TRACE - Finished loading type system org.apache.xmlbeans.metadata.system.sXMLSCHEMA
03:03:17.769 [main] TRACE - Reading unresolved handles for type system org.apache.xmlbeans.metadata.system.sXMLLANG
03:03:17.770 [main] TRACE - Finished loading type system org.apache.xmlbeans.metadata.system.sXMLLANG
03:03:17.772 [main] TRACE - Reading unresolved handles for type system org.apache.xmlbeans.metadata.system.sXMLCONFIG
03:03:17.773 [main] TRACE - Finished loading type system org.apache.xmlbeans.metadata.system.sXMLCONFIG
03:03:17.775 [main] TRACE - Reading unresolved handles for type system org.apache.poi.schemas.ooxml.system.ooxml
03:03:17.848 [main] TRACE - Finished loading type system org.apache.poi.schemas.ooxml.system.ooxml
03:03:17.849 [main] TRACE - Resolving type for handle themefd26doctype
03:03:17.916 [main] TRACE - Resolving type for handle stylesheet5d8bdoctype
03:03:17.967 [main] TRACE - Resolving type for handle ctstylesheet4257type
03:03:17.973 [main] TRACE - Resolving type for handle ctnumfmtsb58btype
03:03:17.976 [main] TRACE - Resolving type for handle ctnumfmt3870type
03:03:17.984 [main] TRACE - Resolving type for handle stnumfmtid76fbtype
03:03:17.993 [main] TRACE - Resolving type for handle stxstringf179type
03:03:17.996 [main] TRACE - Resolving type for handle ctfonts6623type
03:03:18.001 [main] TRACE - Resolving type for handle ctfont14d8type
03:03:18.008 [main] TRACE - Resolving type for handle ctfills2c6ftype
03:03:18.013 [main] TRACE - Resolving type for handle ctfill550ctype
03:03:18.016 [main] TRACE - Resolving type for handle ctborders0d66type
03:03:18.019 [main] TRACE - Resolving type for handle ctborderf935type
03:03:18.025 [main] TRACE - Resolving type for handle ctcellxfs1322type
03:03:18.029 [main] TRACE - Resolving type for handle ctxf97f7type
03:03:18.033 [main] TRACE - Resolving type for handle ctcellstylexfsa81ftype
03:03:18.039 [main] TRACE - Resolving type for handle ctdxfsb26atype
03:03:18.044 [main] TRACE - Resolving type for handle ctdxfa3b1type
03:03:18.048 [main] TRACE - Resolving type for handle cttablestyles872ftype
03:03:18.051 [main] TRACE - Resolving type for handle cttablestylea24ctype
03:03:18.168 [main] TRACE - Resolving type for handle cttablestyleelementa658type
03:03:18.172 [main] TRACE - Resolving type for handle sttablestyletype9936type
03:03:18.178 [main] TRACE - Resolving type for handle stdxfid9fdctype
03:03:18.196 [main] TRACE - Resolving type for handle sstf81fdoctype
03:03:18.203 [main] TRACE - Resolving type for handle ctsst44f3type
03:03:18.208 [main] TRACE - Resolving type for handle ctrsta472type
03:03:18.228 [main] TRACE - Resolving type for handle workbookec17doctype
03:03:18.233 [main] TRACE - Resolving type for handle ctworkbook83c3type
03:03:18.239 [main] TRACE - Resolving type for handle ctsheets49fdtype
03:03:18.242 [main] TRACE - Resolving type for handle ctsheet4dbetype
03:03:18.245 [main] TRACE - Resolving type for handle strelationshipid1e94type
03:03:18.248 [main] TRACE - Resolving type for handle worksheetf539doctype
03:03:18.254 [main] TRACE - Resolving type for handle ctworksheet530dtype
03:03:18.261 [main] TRACE - Resolving type for handle ctsheetdata8408type
03:03:18.264 [main] TRACE - Resolving type for handle ctrowdd39type
03:03:18.269 [main] TRACE - Resolving type for handle ctcell842btype
03:03:18.278 [main] TRACE - Resolving type for handle stcellrefe4e0type
03:03:18.287 [main] TRACE - Resolving type for handle ctcols627ctype
03:03:18.290 [main] TRACE - Resolving type for handle ctcola95ftype
03:03:18.306 [main] TRACE - Resolving type for handle cthyperlinks6416type
03:03:18.308 [main] TRACE - Resolving type for handle cthyperlink0c85type
03:03:18.317 [main] TRACE - Resolving type for handle stcelltypebf95type
03:03:28.283 [main] INFO  - Goto my account-->Click on Login.. 
03:03:28.685 [main] DEBUG - Parsing relationship: /xl/_rels/workbook.xml.rels
03:03:28.687 [main] DEBUG - Parsing relationship: /xl/worksheets/_rels/sheet1.xml.rels
03:03:28.689 [main] DEBUG - Parsing relationship: /_rels/.rels
03:03:37.320 [main] INFO  - Goto my account-->Click on Login.. 
03:03:37.866 [main] DEBUG - Parsing relationship: /xl/_rels/workbook.xml.rels
03:03:37.868 [main] DEBUG - Parsing relationship: /xl/worksheets/_rels/sheet1.xml.rels
03:03:37.870 [main] DEBUG - Parsing relationship: /_rels/.rels
03:03:47.153 [main] INFO  - Goto my account-->Click on Login.. 
03:03:47.559 [main] DEBUG - Parsing relationship: /xl/_rels/workbook.xml.rels
03:03:47.561 [main] DEBUG - Parsing relationship: /xl/worksheets/_rels/sheet1.xml.rels
03:03:47.564 [main] DEBUG - Parsing relationship: /_rels/.rels
03:04:27.323 [main] INFO  - Goto my account-->Click on Login.. 
03:04:27.741 [main] DEBUG - Parsing relationship: /xl/_rels/workbook.xml.rels
03:04:27.743 [main] DEBUG - Parsing relationship: /xl/worksheets/_rels/sheet1.xml.rels
03:04:27.745 [main] DEBUG - Parsing relationship: /_rels/.rels
03:11:20.369 [main] INFO  - Goto my account-->Click on Login.. 
03:11:21.073 [main] DEBUG - Parsing relationship: /xl/_rels/workbook.xml.rels
03:11:21.076 [main] DEBUG - Parsing relationship: /xl/worksheets/_rels/sheet1.xml.rels
03:11:21.079 [main] DEBUG - Parsing relationship: /_rels/.rels
03:11:21.270 [main] TRACE - Loading type system org.apache.poi.schemas.ooxml.system.ooxml
03:11:21.274 [main] TRACE - Loading type system org.apache.xmlbeans.metadata.system.sXMLCONFIG
03:11:21.275 [main] TRACE - Loading type system org.apache.xmlbeans.metadata.system.sXMLLANG
03:11:21.276 [main] TRACE - Loading type system org.apache.xmlbeans.metadata.system.sXMLSCHEMA
03:11:21.276 [main] TRACE - Loading type system org.apache.xmlbeans.metadata.system.sXMLTOOLS
03:11:21.278 [main] TRACE - Reading unresolved handles for type system org.apache.xmlbeans.metadata.system.sXMLTOOLS
03:11:21.293 [main] TRACE - Finished loading type system org.apache.xmlbeans.metadata.system.sXMLTOOLS
03:11:21.295 [main] TRACE - Reading unresolved handles for type system org.apache.xmlbeans.metadata.system.sXMLSCHEMA
03:11:21.302 [main] TRACE - Finished loading type system org.apache.xmlbeans.metadata.system.sXMLSCHEMA
03:11:21.305 [main] TRACE - Reading unresolved handles for type system org.apache.xmlbeans.metadata.system.sXMLLANG
03:11:21.306 [main] TRACE - Finished loading type system org.apache.xmlbeans.metadata.system.sXMLLANG
03:11:21.308 [main] TRACE - Reading unresolved handles for type system org.apache.xmlbeans.metadata.system.sXMLCONFIG
03:11:21.309 [main] TRACE - Finished loading type system org.apache.xmlbeans.metadata.system.sXMLCONFIG
03:11:21.311 [main] TRACE - Reading unresolved handles for type system org.apache.poi.schemas.ooxml.system.ooxml
03:11:21.379 [main] TRACE - Finished loading type system org.apache.poi.schemas.ooxml.system.ooxml
03:11:21.380 [main] TRACE - Resolving type for handle themefd26doctype
03:11:21.448 [main] TRACE - Resolving type for handle stylesheet5d8bdoctype
03:11:21.489 [main] TRACE - Resolving type for handle ctstylesheet4257type
03:11:21.494 [main] TRACE - Resolving type for handle ctnumfmtsb58btype
03:11:21.497 [main] TRACE - Resolving type for handle ctnumfmt3870type
03:11:21.499 [main] TRACE - Resolving type for handle stnumfmtid76fbtype
03:11:21.505 [main] TRACE - Resolving type for handle stxstringf179type
03:11:21.508 [main] TRACE - Resolving type for handle ctfonts6623type
03:11:21.512 [main] TRACE - Resolving type for handle ctfont14d8type
03:11:21.520 [main] TRACE - Resolving type for handle ctfills2c6ftype
03:11:21.523 [main] TRACE - Resolving type for handle ctfill550ctype
03:11:21.526 [main] TRACE - Resolving type for handle ctborders0d66type
03:11:21.530 [main] TRACE - Resolving type for handle ctborderf935type
03:11:21.537 [main] TRACE - Resolving type for handle ctcellxfs1322type
03:11:21.541 [main] TRACE - Resolving type for handle ctxf97f7type
03:11:21.545 [main] TRACE - Resolving type for handle ctcellstylexfsa81ftype
03:11:21.548 [main] TRACE - Resolving type for handle ctdxfsb26atype
03:11:21.551 [main] TRACE - Resolving type for handle ctdxfa3b1type
03:11:21.554 [main] TRACE - Resolving type for handle cttablestyles872ftype
03:11:21.557 [main] TRACE - Resolving type for handle cttablestylea24ctype
03:11:21.653 [main] TRACE - Resolving type for handle cttablestyleelementa658type
03:11:21.655 [main] TRACE - Resolving type for handle sttablestyletype9936type
03:11:21.659 [main] TRACE - Resolving type for handle stdxfid9fdctype
03:11:21.669 [main] TRACE - Resolving type for handle sstf81fdoctype
03:11:21.675 [main] TRACE - Resolving type for handle ctsst44f3type
03:11:21.679 [main] TRACE - Resolving type for handle ctrsta472type
03:11:21.693 [main] TRACE - Resolving type for handle workbookec17doctype
03:11:21.699 [main] TRACE - Resolving type for handle ctworkbook83c3type
03:11:21.705 [main] TRACE - Resolving type for handle ctsheets49fdtype
03:11:21.708 [main] TRACE - Resolving type for handle ctsheet4dbetype
03:11:21.710 [main] TRACE - Resolving type for handle strelationshipid1e94type
03:11:21.711 [main] TRACE - Resolving type for handle worksheetf539doctype
03:11:21.717 [main] TRACE - Resolving type for handle ctworksheet530dtype
03:11:21.723 [main] TRACE - Resolving type for handle ctsheetdata8408type
03:11:21.725 [main] TRACE - Resolving type for handle ctrowdd39type
03:11:21.731 [main] TRACE - Resolving type for handle ctcell842btype
03:11:21.741 [main] TRACE - Resolving type for handle stcellrefe4e0type
03:11:21.749 [main] TRACE - Resolving type for handle ctcols627ctype
03:11:21.753 [main] TRACE - Resolving type for handle ctcola95ftype
03:11:21.773 [main] TRACE - Resolving type for handle cthyperlinks6416type
03:11:21.775 [main] TRACE - Resolving type for handle cthyperlink0c85type
03:11:21.782 [main] TRACE - Resolving type for handle stcelltypebf95type
03:11:40.210 [main] INFO  - Goto my account-->Click on Login.. 
03:11:40.708 [main] DEBUG - Parsing relationship: /xl/_rels/workbook.xml.rels
03:11:40.711 [main] DEBUG - Parsing relationship: /xl/worksheets/_rels/sheet1.xml.rels
03:11:40.714 [main] DEBUG - Parsing relationship: /_rels/.rels
03:11:50.796 [main] INFO  - Goto my account-->Click on Login.. 
03:11:51.209 [main] DEBUG - Parsing relationship: /xl/_rels/workbook.xml.rels
03:11:51.211 [main] DEBUG - Parsing relationship: /xl/worksheets/_rels/sheet1.xml.rels
03:11:51.213 [main] DEBUG - Parsing relationship: /_rels/.rels
03:12:00.422 [main] INFO  - Goto my account-->Click on Login.. 
03:12:00.843 [main] DEBUG - Parsing relationship: /xl/_rels/workbook.xml.rels
03:12:00.844 [main] DEBUG - Parsing relationship: /xl/worksheets/_rels/sheet1.xml.rels
03:12:00.845 [main] DEBUG - Parsing relationship: /_rels/.rels
03:13:27.687 [main] INFO  - Goto my account-->Click on Login.. 
03:13:28.427 [main] DEBUG - Parsing relationship: /xl/_rels/workbook.xml.rels
03:13:28.431 [main] DEBUG - Parsing relationship: /xl/worksheets/_rels/sheet1.xml.rels
03:13:28.434 [main] DEBUG - Parsing relationship: /_rels/.rels
03:13:28.656 [main] TRACE - Loading type system org.apache.poi.schemas.ooxml.system.ooxml
03:13:28.660 [main] TRACE - Loading type system org.apache.xmlbeans.metadata.system.sXMLCONFIG
03:13:28.661 [main] TRACE - Loading type system org.apache.xmlbeans.metadata.system.sXMLLANG
03:13:28.662 [main] TRACE - Loading type system org.apache.xmlbeans.metadata.system.sXMLSCHEMA
03:13:28.662 [main] TRACE - Loading type system org.apache.xmlbeans.metadata.system.sXMLTOOLS
03:13:28.664 [main] TRACE - Reading unresolved handles for type system org.apache.xmlbeans.metadata.system.sXMLTOOLS
03:13:28.677 [main] TRACE - Finished loading type system org.apache.xmlbeans.metadata.system.sXMLTOOLS
03:13:28.678 [main] TRACE - Reading unresolved handles for type system org.apache.xmlbeans.metadata.system.sXMLSCHEMA
03:13:28.695 [main] TRACE - Finished loading type system org.apache.xmlbeans.metadata.system.sXMLSCHEMA
03:13:28.697 [main] TRACE - Reading unresolved handles for type system org.apache.xmlbeans.metadata.system.sXMLLANG
03:13:28.698 [main] TRACE - Finished loading type system org.apache.xmlbeans.metadata.system.sXMLLANG
03:13:28.701 [main] TRACE - Reading unresolved handles for type system org.apache.xmlbeans.metadata.system.sXMLCONFIG
03:13:28.702 [main] TRACE - Finished loading type system org.apache.xmlbeans.metadata.system.sXMLCONFIG
03:13:28.703 [main] TRACE - Reading unresolved handles for type system org.apache.poi.schemas.ooxml.system.ooxml
03:13:28.792 [main] TRACE - Finished loading type system org.apache.poi.schemas.ooxml.system.ooxml
03:13:28.793 [main] TRACE - Resolving type for handle themefd26doctype
03:13:28.880 [main] TRACE - Resolving type for handle stylesheet5d8bdoctype
03:13:28.942 [main] TRACE - Resolving type for handle ctstylesheet4257type
03:13:28.954 [main] TRACE - Resolving type for handle ctnumfmtsb58btype
03:13:28.957 [main] TRACE - Resolving type for handle ctnumfmt3870type
03:13:28.960 [main] TRACE - Resolving type for handle stnumfmtid76fbtype
03:13:28.967 [main] TRACE - Resolving type for handle stxstringf179type
03:13:28.970 [main] TRACE - Resolving type for handle ctfonts6623type
03:13:28.974 [main] TRACE - Resolving type for handle ctfont14d8type
03:13:28.982 [main] TRACE - Resolving type for handle ctfills2c6ftype
03:13:28.985 [main] TRACE - Resolving type for handle ctfill550ctype
03:13:28.988 [main] TRACE - Resolving type for handle ctborders0d66type
03:13:28.991 [main] TRACE - Resolving type for handle ctborderf935type
03:13:28.996 [main] TRACE - Resolving type for handle ctcellxfs1322type
03:13:29.000 [main] TRACE - Resolving type for handle ctxf97f7type
03:13:29.005 [main] TRACE - Resolving type for handle ctcellstylexfsa81ftype
03:13:29.009 [main] TRACE - Resolving type for handle ctdxfsb26atype
03:13:29.013 [main] TRACE - Resolving type for handle ctdxfa3b1type
03:13:29.016 [main] TRACE - Resolving type for handle cttablestyles872ftype
03:13:29.020 [main] TRACE - Resolving type for handle cttablestylea24ctype
03:13:29.124 [main] TRACE - Resolving type for handle cttablestyleelementa658type
03:13:29.126 [main] TRACE - Resolving type for handle sttablestyletype9936type
03:13:29.130 [main] TRACE - Resolving type for handle stdxfid9fdctype
03:13:29.142 [main] TRACE - Resolving type for handle sstf81fdoctype
03:13:29.146 [main] TRACE - Resolving type for handle ctsst44f3type
03:13:29.151 [main] TRACE - Resolving type for handle ctrsta472type
03:13:29.164 [main] TRACE - Resolving type for handle workbookec17doctype
03:13:29.169 [main] TRACE - Resolving type for handle ctworkbook83c3type
03:13:29.175 [main] TRACE - Resolving type for handle ctsheets49fdtype
03:13:29.178 [main] TRACE - Resolving type for handle ctsheet4dbetype
03:13:29.180 [main] TRACE - Resolving type for handle strelationshipid1e94type
03:13:29.182 [main] TRACE - Resolving type for handle worksheetf539doctype
03:13:29.188 [main] TRACE - Resolving type for handle ctworksheet530dtype
03:13:29.194 [main] TRACE - Resolving type for handle ctsheetdata8408type
03:13:29.198 [main] TRACE - Resolving type for handle ctrowdd39type
03:13:29.205 [main] TRACE - Resolving type for handle ctcell842btype
03:13:29.216 [main] TRACE - Resolving type for handle stcellrefe4e0type
03:13:29.226 [main] TRACE - Resolving type for handle ctcols627ctype
03:13:29.229 [main] TRACE - Resolving type for handle ctcola95ftype
03:13:29.245 [main] TRACE - Resolving type for handle cthyperlinks6416type
03:13:29.248 [main] TRACE - Resolving type for handle cthyperlink0c85type
03:13:29.255 [main] TRACE - Resolving type for handle stcelltypebf95type
03:16:26.493 [main] INFO  - Goto my account-->Click on Login.. 
03:16:27.543 [main] DEBUG - Parsing relationship: /xl/_rels/workbook.xml.rels
03:16:27.546 [main] DEBUG - Parsing relationship: /xl/worksheets/_rels/sheet1.xml.rels
03:16:27.549 [main] DEBUG - Parsing relationship: /_rels/.rels
03:16:27.720 [main] TRACE - Loading type system org.apache.poi.schemas.ooxml.system.ooxml
03:16:27.724 [main] TRACE - Loading type system org.apache.xmlbeans.metadata.system.sXMLCONFIG
03:16:27.726 [main] TRACE - Loading type system org.apache.xmlbeans.metadata.system.sXMLLANG
03:16:27.726 [main] TRACE - Loading type system org.apache.xmlbeans.metadata.system.sXMLSCHEMA
03:16:27.727 [main] TRACE - Loading type system org.apache.xmlbeans.metadata.system.sXMLTOOLS
03:16:27.729 [main] TRACE - Reading unresolved handles for type system org.apache.xmlbeans.metadata.system.sXMLTOOLS
03:16:27.743 [main] TRACE - Finished loading type system org.apache.xmlbeans.metadata.system.sXMLTOOLS
03:16:27.744 [main] TRACE - Reading unresolved handles for type system org.apache.xmlbeans.metadata.system.sXMLSCHEMA
03:16:27.757 [main] TRACE - Finished loading type system org.apache.xmlbeans.metadata.system.sXMLSCHEMA
03:16:27.762 [main] TRACE - Reading unresolved handles for type system org.apache.xmlbeans.metadata.system.sXMLLANG
03:16:27.765 [main] TRACE - Finished loading type system org.apache.xmlbeans.metadata.system.sXMLLANG
03:16:27.767 [main] TRACE - Reading unresolved handles for type system org.apache.xmlbeans.metadata.system.sXMLCONFIG
03:16:27.768 [main] TRACE - Finished loading type system org.apache.xmlbeans.metadata.system.sXMLCONFIG
03:16:27.769 [main] TRACE - Reading unresolved handles for type system org.apache.poi.schemas.ooxml.system.ooxml
03:16:27.834 [main] TRACE - Finished loading type system org.apache.poi.schemas.ooxml.system.ooxml
03:16:27.835 [main] TRACE - Resolving type for handle themefd26doctype
03:16:27.906 [main] TRACE - Resolving type for handle stylesheet5d8bdoctype
03:16:27.913 [main] TRACE - Resolving type for handle ctstylesheet4257type
03:16:27.925 [main] TRACE - Resolving type for handle ctfonts6623type
03:16:27.929 [main] TRACE - Resolving type for handle ctfont14d8type
03:16:27.935 [main] TRACE - Resolving type for handle ctfills2c6ftype
03:16:27.939 [main] TRACE - Resolving type for handle ctfill550ctype
03:16:27.941 [main] TRACE - Resolving type for handle ctborders0d66type
03:16:27.945 [main] TRACE - Resolving type for handle ctborderf935type
03:16:27.955 [main] TRACE - Resolving type for handle ctcellxfs1322type
03:16:27.960 [main] TRACE - Resolving type for handle ctxf97f7type
03:16:27.964 [main] TRACE - Resolving type for handle ctcellstylexfsa81ftype
03:16:27.967 [main] TRACE - Resolving type for handle ctdxfsb26atype
03:16:27.971 [main] TRACE - Resolving type for handle cttablestyles872ftype
03:16:27.977 [main] TRACE - Resolving type for handle sstf81fdoctype
03:16:27.985 [main] TRACE - Resolving type for handle ctsst44f3type
03:16:27.996 [main] TRACE - Resolving type for handle ctrsta472type
03:16:28.019 [main] DEBUG - using default POIXMLDocumentPart for http://schemas.openxmlformats.org/officeDocument/2006/relationships/printerSettings
03:16:28.020 [main] TRACE - Resolving type for handle workbookec17doctype
03:16:28.026 [main] TRACE - Resolving type for handle ctworkbook83c3type
03:16:28.032 [main] TRACE - Resolving type for handle ctsheets49fdtype
03:16:28.035 [main] TRACE - Resolving type for handle ctsheet4dbetype
03:16:28.037 [main] TRACE - Resolving type for handle strelationshipid1e94type
03:16:28.041 [main] TRACE - Resolving type for handle worksheetf539doctype
03:16:28.049 [main] TRACE - Resolving type for handle ctworksheet530dtype
03:16:28.057 [main] TRACE - Resolving type for handle ctsheetdata8408type
03:16:28.060 [main] TRACE - Resolving type for handle ctrowdd39type
03:16:28.065 [main] TRACE - Resolving type for handle ctcell842btype
03:16:28.073 [main] TRACE - Resolving type for handle stcellrefe4e0type
03:16:28.083 [main] TRACE - Resolving type for handle ctcols627ctype
03:16:28.089 [main] TRACE - Resolving type for handle ctcola95ftype
03:16:28.111 [main] TRACE - Resolving type for handle cthyperlinks6416type
03:16:28.114 [main] TRACE - Resolving type for handle cthyperlink0c85type
03:16:28.119 [main] TRACE - Resolving type for handle stxstringf179type
03:16:28.122 [main] TRACE - Resolving type for handle stcelltypebf95type
03:16:39.045 [main] INFO  - Goto my account-->Click on Login.. 
03:16:39.464 [main] DEBUG - Parsing relationship: /xl/_rels/workbook.xml.rels
03:16:39.467 [main] DEBUG - Parsing relationship: /xl/worksheets/_rels/sheet1.xml.rels
03:16:39.469 [main] DEBUG - Parsing relationship: /_rels/.rels
03:16:39.542 [main] DEBUG - using default POIXMLDocumentPart for http://schemas.openxmlformats.org/officeDocument/2006/relationships/printerSettings
03:16:53.371 [main] INFO  - Goto my account-->Click on Login.. 
03:16:53.862 [main] DEBUG - Parsing relationship: /xl/_rels/workbook.xml.rels
03:16:53.867 [main] DEBUG - Parsing relationship: /xl/worksheets/_rels/sheet1.xml.rels
03:16:53.870 [main] DEBUG - Parsing relationship: /_rels/.rels
03:16:53.912 [main] DEBUG - using default POIXMLDocumentPart for http://schemas.openxmlformats.org/officeDocument/2006/relationships/printerSettings
03:17:05.115 [main] INFO  - Goto my account-->Click on Login.. 
03:17:05.527 [main] DEBUG - Parsing relationship: /xl/_rels/workbook.xml.rels
03:17:05.529 [main] DEBUG - Parsing relationship: /xl/worksheets/_rels/sheet1.xml.rels
03:17:05.531 [main] DEBUG - Parsing relationship: /_rels/.rels
03:17:05.550 [main] DEBUG - using default POIXMLDocumentPart for http://schemas.openxmlformats.org/officeDocument/2006/relationships/printerSettings
03:17:50.521 [main] INFO  - Goto my account-->Click on Login.. 
03:17:50.978 [main] DEBUG - Parsing relationship: /xl/_rels/workbook.xml.rels
03:17:50.980 [main] DEBUG - Parsing relationship: /xl/worksheets/_rels/sheet1.xml.rels
03:17:50.981 [main] DEBUG - Parsing relationship: /_rels/.rels
03:17:50.996 [main] DEBUG - using default POIXMLDocumentPart for http://schemas.openxmlformats.org/officeDocument/2006/relationships/printerSettings
03:20:08.660 [main] INFO  - Goto my account-->Click on Login.. 
03:20:09.538 [main] DEBUG - Parsing relationship: /xl/_rels/workbook.xml.rels
03:20:09.542 [main] DEBUG - Parsing relationship: /xl/worksheets/_rels/sheet1.xml.rels
03:20:09.544 [main] DEBUG - Parsing relationship: /_rels/.rels
03:20:09.702 [main] TRACE - Loading type system org.apache.poi.schemas.ooxml.system.ooxml
03:20:09.705 [main] TRACE - Loading type system org.apache.xmlbeans.metadata.system.sXMLCONFIG
03:20:09.706 [main] TRACE - Loading type system org.apache.xmlbeans.metadata.system.sXMLLANG
03:20:09.707 [main] TRACE - Loading type system org.apache.xmlbeans.metadata.system.sXMLSCHEMA
03:20:09.707 [main] TRACE - Loading type system org.apache.xmlbeans.metadata.system.sXMLTOOLS
03:20:09.709 [main] TRACE - Reading unresolved handles for type system org.apache.xmlbeans.metadata.system.sXMLTOOLS
03:20:09.720 [main] TRACE - Finished loading type system org.apache.xmlbeans.metadata.system.sXMLTOOLS
03:20:09.722 [main] TRACE - Reading unresolved handles for type system org.apache.xmlbeans.metadata.system.sXMLSCHEMA
03:20:09.729 [main] TRACE - Finished loading type system org.apache.xmlbeans.metadata.system.sXMLSCHEMA
03:20:09.731 [main] TRACE - Reading unresolved handles for type system org.apache.xmlbeans.metadata.system.sXMLLANG
03:20:09.732 [main] TRACE - Finished loading type system org.apache.xmlbeans.metadata.system.sXMLLANG
03:20:09.734 [main] TRACE - Reading unresolved handles for type system org.apache.xmlbeans.metadata.system.sXMLCONFIG
03:20:09.735 [main] TRACE - Finished loading type system org.apache.xmlbeans.metadata.system.sXMLCONFIG
03:20:09.737 [main] TRACE - Reading unresolved handles for type system org.apache.poi.schemas.ooxml.system.ooxml
03:20:09.801 [main] TRACE - Finished loading type system org.apache.poi.schemas.ooxml.system.ooxml
03:20:09.802 [main] TRACE - Resolving type for handle themefd26doctype
03:20:09.879 [main] TRACE - Resolving type for handle stylesheet5d8bdoctype
03:20:09.917 [main] TRACE - Resolving type for handle ctstylesheet4257type
03:20:09.923 [main] TRACE - Resolving type for handle ctnumfmtsb58btype
03:20:09.926 [main] TRACE - Resolving type for handle ctnumfmt3870type
03:20:09.928 [main] TRACE - Resolving type for handle stnumfmtid76fbtype
03:20:09.933 [main] TRACE - Resolving type for handle stxstringf179type
03:20:09.936 [main] TRACE - Resolving type for handle ctfonts6623type
03:20:09.939 [main] TRACE - Resolving type for handle ctfont14d8type
03:20:09.948 [main] TRACE - Resolving type for handle ctfills2c6ftype
03:20:09.950 [main] TRACE - Resolving type for handle ctfill550ctype
03:20:09.954 [main] TRACE - Resolving type for handle ctborders0d66type
03:20:09.957 [main] TRACE - Resolving type for handle ctborderf935type
03:20:09.963 [main] TRACE - Resolving type for handle ctcellxfs1322type
03:20:09.966 [main] TRACE - Resolving type for handle ctxf97f7type
03:20:09.970 [main] TRACE - Resolving type for handle ctcellstylexfsa81ftype
03:20:09.973 [main] TRACE - Resolving type for handle cttablestyles872ftype
03:20:09.977 [main] TRACE - Resolving type for handle sstf81fdoctype
03:20:09.983 [main] TRACE - Resolving type for handle ctsst44f3type
03:20:09.989 [main] TRACE - Resolving type for handle ctrsta472type
03:20:10.010 [main] TRACE - Resolving type for handle workbookec17doctype
03:20:10.016 [main] TRACE - Resolving type for handle ctworkbook83c3type
03:20:10.022 [main] TRACE - Resolving type for handle ctsheets49fdtype
03:20:10.025 [main] TRACE - Resolving type for handle ctsheet4dbetype
03:20:10.029 [main] TRACE - Resolving type for handle strelationshipid1e94type
03:20:10.031 [main] TRACE - Resolving type for handle worksheetf539doctype
03:20:10.041 [main] TRACE - Resolving type for handle ctworksheet530dtype
03:20:10.049 [main] TRACE - Resolving type for handle ctsheetdata8408type
03:20:10.052 [main] TRACE - Resolving type for handle ctrowdd39type
03:20:10.058 [main] TRACE - Resolving type for handle ctcell842btype
03:20:10.066 [main] TRACE - Resolving type for handle stcellrefe4e0type
03:20:10.075 [main] TRACE - Resolving type for handle ctcols627ctype
03:20:10.083 [main] TRACE - Resolving type for handle ctcola95ftype
03:20:10.104 [main] TRACE - Resolving type for handle cthyperlinks6416type
03:20:10.106 [main] TRACE - Resolving type for handle cthyperlink0c85type
03:20:10.113 [main] TRACE - Resolving type for handle stcelltypebf95type
03:20:20.773 [main] INFO  - Goto my account-->Click on Login.. 
03:20:21.188 [main] DEBUG - Parsing relationship: /xl/_rels/workbook.xml.rels
03:20:21.200 [main] DEBUG - Parsing relationship: /xl/worksheets/_rels/sheet1.xml.rels
03:20:21.203 [main] DEBUG - Parsing relationship: /_rels/.rels
03:20:31.208 [main] INFO  - Goto my account-->Click on Login.. 
03:20:31.976 [main] DEBUG - Parsing relationship: /xl/_rels/workbook.xml.rels
03:20:31.978 [main] DEBUG - Parsing relationship: /xl/worksheets/_rels/sheet1.xml.rels
03:20:31.982 [main] DEBUG - Parsing relationship: /_rels/.rels
03:20:42.776 [main] INFO  - Goto my account-->Click on Login.. 
03:20:43.259 [main] DEBUG - Parsing relationship: /xl/_rels/workbook.xml.rels
03:20:43.264 [main] DEBUG - Parsing relationship: /xl/worksheets/_rels/sheet1.xml.rels
03:20:43.266 [main] DEBUG - Parsing relationship: /_rels/.rels
03:21:23.437 [main] INFO  - Goto my account-->Click on Login.. 
03:21:23.958 [main] DEBUG - Parsing relationship: /xl/_rels/workbook.xml.rels
03:21:23.960 [main] DEBUG - Parsing relationship: /xl/worksheets/_rels/sheet1.xml.rels
03:21:23.962 [main] DEBUG - Parsing relationship: /_rels/.rels
03:22:22.853 [main] INFO  - Goto my account-->Click on Login.. 
03:22:23.645 [main] DEBUG - Parsing relationship: /xl/_rels/workbook.xml.rels
03:22:23.650 [main] DEBUG - Parsing relationship: /xl/worksheets/_rels/sheet1.xml.rels
03:22:23.653 [main] DEBUG - Parsing relationship: /_rels/.rels
03:22:23.846 [main] TRACE - Loading type system org.apache.poi.schemas.ooxml.system.ooxml
03:22:23.851 [main] TRACE - Loading type system org.apache.xmlbeans.metadata.system.sXMLCONFIG
03:22:23.858 [main] TRACE - Loading type system org.apache.xmlbeans.metadata.system.sXMLLANG
03:22:23.860 [main] TRACE - Loading type system org.apache.xmlbeans.metadata.system.sXMLSCHEMA
03:22:23.861 [main] TRACE - Loading type system org.apache.xmlbeans.metadata.system.sXMLTOOLS
03:22:23.863 [main] TRACE - Reading unresolved handles for type system org.apache.xmlbeans.metadata.system.sXMLTOOLS
03:22:23.876 [main] TRACE - Finished loading type system org.apache.xmlbeans.metadata.system.sXMLTOOLS
03:22:23.878 [main] TRACE - Reading unresolved handles for type system org.apache.xmlbeans.metadata.system.sXMLSCHEMA
03:22:23.885 [main] TRACE - Finished loading type system org.apache.xmlbeans.metadata.system.sXMLSCHEMA
03:22:23.887 [main] TRACE - Reading unresolved handles for type system org.apache.xmlbeans.metadata.system.sXMLLANG
03:22:23.889 [main] TRACE - Finished loading type system org.apache.xmlbeans.metadata.system.sXMLLANG
03:22:23.891 [main] TRACE - Reading unresolved handles for type system org.apache.xmlbeans.metadata.system.sXMLCONFIG
03:22:23.892 [main] TRACE - Finished loading type system org.apache.xmlbeans.metadata.system.sXMLCONFIG
03:22:23.894 [main] TRACE - Reading unresolved handles for type system org.apache.poi.schemas.ooxml.system.ooxml
03:22:24.023 [main] TRACE - Finished loading type system org.apache.poi.schemas.ooxml.system.ooxml
03:22:24.025 [main] TRACE - Resolving type for handle themefd26doctype
03:22:24.138 [main] TRACE - Resolving type for handle stylesheet5d8bdoctype
03:22:24.202 [main] TRACE - Resolving type for handle ctstylesheet4257type
03:22:24.211 [main] TRACE - Resolving type for handle ctnumfmtsb58btype
03:22:24.216 [main] TRACE - Resolving type for handle ctnumfmt3870type
03:22:24.219 [main] TRACE - Resolving type for handle stnumfmtid76fbtype
03:22:24.227 [main] TRACE - Resolving type for handle stxstringf179type
03:22:24.232 [main] TRACE - Resolving type for handle ctfonts6623type
03:22:24.238 [main] TRACE - Resolving type for handle ctfont14d8type
03:22:24.249 [main] TRACE - Resolving type for handle ctfills2c6ftype
03:22:24.254 [main] TRACE - Resolving type for handle ctfill550ctype
03:22:24.260 [main] TRACE - Resolving type for handle ctborders0d66type
03:22:24.265 [main] TRACE - Resolving type for handle ctborderf935type
03:22:24.270 [main] TRACE - Resolving type for handle ctcellxfs1322type
03:22:24.274 [main] TRACE - Resolving type for handle ctxf97f7type
03:22:24.277 [main] TRACE - Resolving type for handle ctcellstylexfsa81ftype
03:22:24.284 [main] TRACE - Resolving type for handle cttablestyles872ftype
03:22:24.289 [main] TRACE - Resolving type for handle sstf81fdoctype
03:22:24.298 [main] TRACE - Resolving type for handle ctsst44f3type
03:22:24.305 [main] TRACE - Resolving type for handle ctrsta472type
03:22:24.335 [main] TRACE - Resolving type for handle workbookec17doctype
03:22:24.341 [main] TRACE - Resolving type for handle ctworkbook83c3type
03:22:24.350 [main] TRACE - Resolving type for handle ctsheets49fdtype
03:22:24.353 [main] TRACE - Resolving type for handle ctsheet4dbetype
03:22:24.358 [main] TRACE - Resolving type for handle strelationshipid1e94type
03:22:24.361 [main] TRACE - Resolving type for handle worksheetf539doctype
03:22:24.369 [main] TRACE - Resolving type for handle ctworksheet530dtype
03:22:24.380 [main] TRACE - Resolving type for handle ctsheetdata8408type
03:22:24.385 [main] TRACE - Resolving type for handle ctrowdd39type
03:22:24.393 [main] TRACE - Resolving type for handle ctcell842btype
03:22:24.404 [main] TRACE - Resolving type for handle stcellrefe4e0type
03:22:24.425 [main] TRACE - Resolving type for handle ctcols627ctype
